<?xml version="1.0" encoding="UTF-8"?>
<!-- Generated by org.testng.reporters.JUnitXMLReporter -->
<testsuite hostname="Jigar" name="Pixel_2" tests="3" failures="0" timestamp="20 Apr 2020 03:50:21 GMT" time="53.79" errors="0">
  <testcase name="successfulLogin" time="3.199" classname="com.test.tests.LoginTest"/>
  <testcase name="validateAPsonWirelessAPListPage" time="6.827" classname="com.test.tests.WirelessAPTest"/>
  <testcase name="validateAPonAPDetailsPage" time="5.902" classname="com.test.tests.WirelessAPTest"/>
</testsuite> <!-- Pixel_2 -->
