<?xml version="1.0" encoding="UTF-8"?>
<testng-results skipped="0" failed="0" total="3" passed="3">
  <reporter-output>
    <line>
      <![CDATA[This is the sample screenshot]]>
    </line>
    <line>
      <![CDATA[<a href='C:\Users\singh\git\AppiumPOM\Screenshots\Android_Pixel_2_API_28\Success\2020-04-19-22-49-28\LoginTest\successfulLogin.png'> <img src='C:\Users\singh\git\AppiumPOM\Screenshots\Android_Pixel_2_API_28\Success\2020-04-19-22-49-28\LoginTest\successfulLogin.png' height='400' width='400'/> </a>]]>
    </line>
    <line>
      <![CDATA[This is the sample screenshot]]>
    </line>
    <line>
      <![CDATA[<a href='C:\Users\singh\git\AppiumPOM\Screenshots\Android_Pixel_2_API_28\Success\2020-04-19-22-49-28\WirelessAPTest\validateAPsonWirelessAPListPage.png'> <img src='C:\Users\singh\git\AppiumPOM\Screenshots\Android_Pixel_2_API_28\Success\2020-04-19-22-49-28\WirelessAPTest\validateAPsonWirelessAPListPage.png' height='400' width='400'/> </a>]]>
    </line>
    <line>
      <![CDATA[This is the sample screenshot]]>
    </line>
    <line>
      <![CDATA[<a href='C:\Users\singh\git\AppiumPOM\Screenshots\Android_Pixel_2_API_28\Success\2020-04-19-22-49-28\WirelessAPTest\validateAPonAPDetailsPage.png'> <img src='C:\Users\singh\git\AppiumPOM\Screenshots\Android_Pixel_2_API_28\Success\2020-04-19-22-49-28\WirelessAPTest\validateAPonAPDetailsPage.png' height='400' width='400'/> </a>]]>
    </line>
  </reporter-output>
  <suite name="Suite" duration-ms="53790" started-at="2020-04-20T03:49:28Z" finished-at="2020-04-20T03:50:21Z">
    <groups>
    </groups>
    <test name="Pixel_2" duration-ms="53790" started-at="2020-04-20T03:49:28Z" finished-at="2020-04-20T03:50:21Z">
      <class name="com.test.tests.LoginTest">
        <test-method status="PASS" signature="beforeTest(java.lang.String, java.lang.String, java.lang.String, java.lang.String, java.lang.String, java.lang.String)[pri:0, instance:com.test.tests.LoginTest@30b8a058]" name="beforeTest" is-config="true" duration-ms="11629" started-at="2020-04-19T22:49:28Z" finished-at="2020-04-19T22:49:39Z">
          <params>
            <param index="0">
              <value>
                <![CDATA[true]]>
              </value>
            </param>
            <param index="1">
              <value>
                <![CDATA[Android]]>
              </value>
            </param>
            <param index="2">
              <value>
                <![CDATA[replace_with_device_udid]]>
              </value>
            </param>
            <param index="3">
              <value>
                <![CDATA[Pixel_2_API_28]]>
              </value>
            </param>
            <param index="4">
              <value>
                <![CDATA[10000]]>
              </value>
            </param>
            <param index="5">
              <value>
                <![CDATA[9515]]>
              </value>
            </param>
          </params>
          <reporter-output>
          </reporter-output>
        </test-method> <!-- beforeTest -->
        <test-method status="PASS" signature="beforeClass()[pri:0, instance:com.test.tests.LoginTest@30b8a058]" name="beforeClass" is-config="true" duration-ms="3997" started-at="2020-04-19T22:49:39Z" finished-at="2020-04-19T22:49:43Z">
          <reporter-output>
          </reporter-output>
        </test-method> <!-- beforeClass -->
        <test-method status="PASS" signature="beforeMethod(java.lang.reflect.Method)[pri:0, instance:com.test.tests.LoginTest@30b8a058]" name="beforeMethod" is-config="true" duration-ms="317" started-at="2020-04-19T22:49:43Z" finished-at="2020-04-19T22:49:44Z">
          <params>
            <param index="0">
              <value>
                <![CDATA[public void com.test.tests.LoginTest.successfulLogin()]]>
              </value>
            </param>
          </params>
          <reporter-output>
          </reporter-output>
        </test-method> <!-- beforeMethod -->
        <test-method status="PASS" signature="successfulLogin()[pri:0, instance:com.test.tests.LoginTest@30b8a058]" name="successfulLogin" duration-ms="3199" started-at="2020-04-19T22:49:44Z" finished-at="2020-04-19T22:49:47Z">
          <reporter-output>
            <line>
              <![CDATA[This is the sample screenshot]]>
            </line>
            <line>
              <![CDATA[<a href='C:\Users\singh\git\AppiumPOM\Screenshots\Android_Pixel_2_API_28\Success\2020-04-19-22-49-28\LoginTest\successfulLogin.png'> <img src='C:\Users\singh\git\AppiumPOM\Screenshots\Android_Pixel_2_API_28\Success\2020-04-19-22-49-28\LoginTest\successfulLogin.png' height='400' width='400'/> </a>]]>
            </line>
          </reporter-output>
        </test-method> <!-- successfulLogin -->
        <test-method status="PASS" signature="afterMethod()[pri:0, instance:com.test.tests.LoginTest@30b8a058]" name="afterMethod" is-config="true" duration-ms="3524" started-at="2020-04-19T22:49:48Z" finished-at="2020-04-19T22:49:51Z">
          <reporter-output>
          </reporter-output>
        </test-method> <!-- afterMethod -->
        <test-method status="PASS" signature="afterTest()[pri:0, instance:com.test.tests.LoginTest@30b8a058]" name="afterTest" is-config="true" duration-ms="1218" started-at="2020-04-19T22:50:20Z" finished-at="2020-04-19T22:50:21Z">
          <reporter-output>
          </reporter-output>
        </test-method> <!-- afterTest -->
      </class> <!-- com.test.tests.LoginTest -->
      <class name="com.test.tests.WirelessAPTest">
        <test-method status="PASS" signature="beforeClass()[pri:0, instance:com.test.tests.WirelessAPTest@614ddd49]" name="beforeClass" is-config="true" duration-ms="3895" started-at="2020-04-19T22:49:51Z" finished-at="2020-04-19T22:49:55Z">
          <reporter-output>
          </reporter-output>
        </test-method> <!-- beforeClass -->
        <test-method status="PASS" signature="beforeMethod(java.lang.reflect.Method)[pri:0, instance:com.test.tests.WirelessAPTest@614ddd49]" name="beforeMethod" is-config="true" duration-ms="2259" started-at="2020-04-19T22:49:55Z" finished-at="2020-04-19T22:49:57Z">
          <params>
            <param index="0">
              <value>
                <![CDATA[public void com.test.tests.WirelessAPTest.validateAPsonWirelessAPListPage() throws java.lang.InterruptedException]]>
              </value>
            </param>
          </params>
          <reporter-output>
          </reporter-output>
        </test-method> <!-- beforeMethod -->
        <test-method status="PASS" signature="validateAPsonWirelessAPListPage()[pri:0, instance:com.test.tests.WirelessAPTest@614ddd49]" name="validateAPsonWirelessAPListPage" duration-ms="6827" started-at="2020-04-19T22:49:57Z" finished-at="2020-04-19T22:50:04Z">
          <reporter-output>
            <line>
              <![CDATA[This is the sample screenshot]]>
            </line>
            <line>
              <![CDATA[<a href='C:\Users\singh\git\AppiumPOM\Screenshots\Android_Pixel_2_API_28\Success\2020-04-19-22-49-28\WirelessAPTest\validateAPsonWirelessAPListPage.png'> <img src='C:\Users\singh\git\AppiumPOM\Screenshots\Android_Pixel_2_API_28\Success\2020-04-19-22-49-28\WirelessAPTest\validateAPsonWirelessAPListPage.png' height='400' width='400'/> </a>]]>
            </line>
          </reporter-output>
        </test-method> <!-- validateAPsonWirelessAPListPage -->
        <test-method status="PASS" signature="afterMethod()[pri:0, instance:com.test.tests.WirelessAPTest@614ddd49]" name="afterMethod" is-config="true" duration-ms="3347" started-at="2020-04-19T22:50:04Z" finished-at="2020-04-19T22:50:08Z">
          <reporter-output>
          </reporter-output>
        </test-method> <!-- afterMethod -->
        <test-method status="PASS" signature="beforeMethod(java.lang.reflect.Method)[pri:0, instance:com.test.tests.WirelessAPTest@614ddd49]" name="beforeMethod" is-config="true" duration-ms="2053" started-at="2020-04-19T22:50:08Z" finished-at="2020-04-19T22:50:10Z">
          <params>
            <param index="0">
              <value>
                <![CDATA[public void com.test.tests.WirelessAPTest.validateAPonAPDetailsPage(java.lang.String) throws java.lang.InterruptedException,java.io.IOException]]>
              </value>
            </param>
          </params>
          <reporter-output>
          </reporter-output>
        </test-method> <!-- beforeMethod -->
        <test-method status="PASS" signature="validateAPonAPDetailsPage(java.lang.String)[pri:0, instance:com.test.tests.WirelessAPTest@614ddd49]" name="validateAPonAPDetailsPage" duration-ms="5902" started-at="2020-04-19T22:50:10Z" finished-at="2020-04-19T22:50:16Z">
          <params>
            <param index="0">
              <value>
                <![CDATA[1]]>
              </value>
            </param>
          </params>
          <reporter-output>
            <line>
              <![CDATA[This is the sample screenshot]]>
            </line>
            <line>
              <![CDATA[<a href='C:\Users\singh\git\AppiumPOM\Screenshots\Android_Pixel_2_API_28\Success\2020-04-19-22-49-28\WirelessAPTest\validateAPonAPDetailsPage.png'> <img src='C:\Users\singh\git\AppiumPOM\Screenshots\Android_Pixel_2_API_28\Success\2020-04-19-22-49-28\WirelessAPTest\validateAPonAPDetailsPage.png' height='400' width='400'/> </a>]]>
            </line>
          </reporter-output>
        </test-method> <!-- validateAPonAPDetailsPage -->
        <test-method status="PASS" signature="afterMethod()[pri:0, instance:com.test.tests.WirelessAPTest@614ddd49]" name="afterMethod" is-config="true" duration-ms="4095" started-at="2020-04-19T22:50:16Z" finished-at="2020-04-19T22:50:20Z">
          <reporter-output>
          </reporter-output>
        </test-method> <!-- afterMethod -->
      </class> <!-- com.test.tests.WirelessAPTest -->
    </test> <!-- Pixel_2 -->
  </suite> <!-- Suite -->
</testng-results>
