<?xml version="1.0" encoding="UTF-8"?>
<testng-results skipped="0" failed="0" total="3" passed="3">
  <reporter-output>
    <line>
      <![CDATA[This is the sample screenshot]]>
    </line>
    <line>
      <![CDATA[<a href='C:\Users\singh\OneDrive\Documents\Merakitest\MerakiProject\Screenshots\Android_Pixel_2_API_28\Success\2020-04-19-21-40-23\LoginTest\successfulLogin.png'> <img src='C:\Users\singh\OneDrive\Documents\Merakitest\MerakiProject\Screenshots\Android_Pixel_2_API_28\Success\2020-04-19-21-40-23\LoginTest\successfulLogin.png' height='400' width='400'/> </a>]]>
    </line>
    <line>
      <![CDATA[This is the sample screenshot]]>
    </line>
    <line>
      <![CDATA[<a href='C:\Users\singh\OneDrive\Documents\Merakitest\MerakiProject\Screenshots\Android_Pixel_2_API_28\Success\2020-04-19-21-40-23\WirelessAPTest\validateAPsonWirelessAPListPage.png'> <img src='C:\Users\singh\OneDrive\Documents\Merakitest\MerakiProject\Screenshots\Android_Pixel_2_API_28\Success\2020-04-19-21-40-23\WirelessAPTest\validateAPsonWirelessAPListPage.png' height='400' width='400'/> </a>]]>
    </line>
    <line>
      <![CDATA[This is the sample screenshot]]>
    </line>
    <line>
      <![CDATA[<a href='C:\Users\singh\OneDrive\Documents\Merakitest\MerakiProject\Screenshots\Android_Pixel_2_API_28\Success\2020-04-19-21-40-23\WirelessAPTest\validateAPonAPDetailsPage.png'> <img src='C:\Users\singh\OneDrive\Documents\Merakitest\MerakiProject\Screenshots\Android_Pixel_2_API_28\Success\2020-04-19-21-40-23\WirelessAPTest\validateAPonAPDetailsPage.png' height='400' width='400'/> </a>]]>
    </line>
  </reporter-output>
  <suite name="Suite" duration-ms="49357" started-at="2020-04-20T02:40:23Z" finished-at="2020-04-20T02:41:13Z">
    <groups>
    </groups>
    <test name="Pixel_2" duration-ms="49357" started-at="2020-04-20T02:40:23Z" finished-at="2020-04-20T02:41:13Z">
      <class name="com.test.tests.LoginTest">
        <test-method status="PASS" signature="beforeTest(java.lang.String, java.lang.String, java.lang.String, java.lang.String, java.lang.String, java.lang.String)[pri:0, instance:com.test.tests.LoginTest@30b8a058]" name="beforeTest" is-config="true" duration-ms="10947" started-at="2020-04-19T21:40:23Z" finished-at="2020-04-19T21:40:34Z">
          <params>
            <param index="0">
              <value>
                <![CDATA[true]]>
              </value>
            </param>
            <param index="1">
              <value>
                <![CDATA[Android]]>
              </value>
            </param>
            <param index="2">
              <value>
                <![CDATA[replace_with_device_udid]]>
              </value>
            </param>
            <param index="3">
              <value>
                <![CDATA[Pixel_2_API_28]]>
              </value>
            </param>
            <param index="4">
              <value>
                <![CDATA[10000]]>
              </value>
            </param>
            <param index="5">
              <value>
                <![CDATA[9515]]>
              </value>
            </param>
          </params>
          <reporter-output>
          </reporter-output>
        </test-method> <!-- beforeTest -->
        <test-method status="PASS" signature="beforeClass()[pri:0, instance:com.test.tests.LoginTest@30b8a058]" name="beforeClass" is-config="true" duration-ms="3235" started-at="2020-04-19T21:40:34Z" finished-at="2020-04-19T21:40:38Z">
          <reporter-output>
          </reporter-output>
        </test-method> <!-- beforeClass -->
        <test-method status="PASS" signature="beforeMethod(java.lang.reflect.Method)[pri:0, instance:com.test.tests.LoginTest@30b8a058]" name="beforeMethod" is-config="true" duration-ms="251" started-at="2020-04-19T21:40:38Z" finished-at="2020-04-19T21:40:38Z">
          <params>
            <param index="0">
              <value>
                <![CDATA[public void com.test.tests.LoginTest.successfulLogin()]]>
              </value>
            </param>
          </params>
          <reporter-output>
          </reporter-output>
        </test-method> <!-- beforeMethod -->
        <test-method status="PASS" signature="successfulLogin()[pri:0, instance:com.test.tests.LoginTest@30b8a058]" name="successfulLogin" duration-ms="3237" started-at="2020-04-19T21:40:38Z" finished-at="2020-04-19T21:40:41Z">
          <reporter-output>
            <line>
              <![CDATA[This is the sample screenshot]]>
            </line>
            <line>
              <![CDATA[<a href='C:\Users\singh\OneDrive\Documents\Merakitest\MerakiProject\Screenshots\Android_Pixel_2_API_28\Success\2020-04-19-21-40-23\LoginTest\successfulLogin.png'> <img src='C:\Users\singh\OneDrive\Documents\Merakitest\MerakiProject\Screenshots\Android_Pixel_2_API_28\Success\2020-04-19-21-40-23\LoginTest\successfulLogin.png' height='400' width='400'/> </a>]]>
            </line>
          </reporter-output>
        </test-method> <!-- successfulLogin -->
        <test-method status="PASS" signature="afterMethod()[pri:0, instance:com.test.tests.LoginTest@30b8a058]" name="afterMethod" is-config="true" duration-ms="3138" started-at="2020-04-19T21:40:42Z" finished-at="2020-04-19T21:40:45Z">
          <reporter-output>
          </reporter-output>
        </test-method> <!-- afterMethod -->
        <test-method status="PASS" signature="afterTest()[pri:0, instance:com.test.tests.LoginTest@30b8a058]" name="afterTest" is-config="true" duration-ms="940" started-at="2020-04-19T21:41:12Z" finished-at="2020-04-19T21:41:13Z">
          <reporter-output>
          </reporter-output>
        </test-method> <!-- afterTest -->
      </class> <!-- com.test.tests.LoginTest -->
      <class name="com.test.tests.WirelessAPTest">
        <test-method status="PASS" signature="beforeClass()[pri:0, instance:com.test.tests.WirelessAPTest@614ddd49]" name="beforeClass" is-config="true" duration-ms="3357" started-at="2020-04-19T21:40:45Z" finished-at="2020-04-19T21:40:48Z">
          <reporter-output>
          </reporter-output>
        </test-method> <!-- beforeClass -->
        <test-method status="PASS" signature="beforeMethod(java.lang.reflect.Method)[pri:0, instance:com.test.tests.WirelessAPTest@614ddd49]" name="beforeMethod" is-config="true" duration-ms="2213" started-at="2020-04-19T21:40:48Z" finished-at="2020-04-19T21:40:50Z">
          <params>
            <param index="0">
              <value>
                <![CDATA[public void com.test.tests.WirelessAPTest.validateAPsonWirelessAPListPage() throws java.lang.InterruptedException]]>
              </value>
            </param>
          </params>
          <reporter-output>
          </reporter-output>
        </test-method> <!-- beforeMethod -->
        <test-method status="PASS" signature="validateAPsonWirelessAPListPage()[pri:0, instance:com.test.tests.WirelessAPTest@614ddd49]" name="validateAPsonWirelessAPListPage" duration-ms="6920" started-at="2020-04-19T21:40:50Z" finished-at="2020-04-19T21:40:57Z">
          <reporter-output>
            <line>
              <![CDATA[This is the sample screenshot]]>
            </line>
            <line>
              <![CDATA[<a href='C:\Users\singh\OneDrive\Documents\Merakitest\MerakiProject\Screenshots\Android_Pixel_2_API_28\Success\2020-04-19-21-40-23\WirelessAPTest\validateAPsonWirelessAPListPage.png'> <img src='C:\Users\singh\OneDrive\Documents\Merakitest\MerakiProject\Screenshots\Android_Pixel_2_API_28\Success\2020-04-19-21-40-23\WirelessAPTest\validateAPsonWirelessAPListPage.png' height='400' width='400'/> </a>]]>
            </line>
          </reporter-output>
        </test-method> <!-- validateAPsonWirelessAPListPage -->
        <test-method status="PASS" signature="afterMethod()[pri:0, instance:com.test.tests.WirelessAPTest@614ddd49]" name="afterMethod" is-config="true" duration-ms="3124" started-at="2020-04-19T21:40:58Z" finished-at="2020-04-19T21:41:01Z">
          <reporter-output>
          </reporter-output>
        </test-method> <!-- afterMethod -->
        <test-method status="PASS" signature="beforeMethod(java.lang.reflect.Method)[pri:0, instance:com.test.tests.WirelessAPTest@614ddd49]" name="beforeMethod" is-config="true" duration-ms="2075" started-at="2020-04-19T21:41:01Z" finished-at="2020-04-19T21:41:03Z">
          <params>
            <param index="0">
              <value>
                <![CDATA[public void com.test.tests.WirelessAPTest.validateAPonAPDetailsPage() throws java.lang.InterruptedException,java.io.IOException]]>
              </value>
            </param>
          </params>
          <reporter-output>
          </reporter-output>
        </test-method> <!-- beforeMethod -->
        <test-method status="PASS" signature="validateAPonAPDetailsPage()[pri:0, instance:com.test.tests.WirelessAPTest@614ddd49]" name="validateAPonAPDetailsPage" duration-ms="5040" started-at="2020-04-19T21:41:03Z" finished-at="2020-04-19T21:41:08Z">
          <reporter-output>
            <line>
              <![CDATA[This is the sample screenshot]]>
            </line>
            <line>
              <![CDATA[<a href='C:\Users\singh\OneDrive\Documents\Merakitest\MerakiProject\Screenshots\Android_Pixel_2_API_28\Success\2020-04-19-21-40-23\WirelessAPTest\validateAPonAPDetailsPage.png'> <img src='C:\Users\singh\OneDrive\Documents\Merakitest\MerakiProject\Screenshots\Android_Pixel_2_API_28\Success\2020-04-19-21-40-23\WirelessAPTest\validateAPonAPDetailsPage.png' height='400' width='400'/> </a>]]>
            </line>
          </reporter-output>
        </test-method> <!-- validateAPonAPDetailsPage -->
        <test-method status="PASS" signature="afterMethod()[pri:0, instance:com.test.tests.WirelessAPTest@614ddd49]" name="afterMethod" is-config="true" duration-ms="3607" started-at="2020-04-19T21:41:08Z" finished-at="2020-04-19T21:41:12Z">
          <reporter-output>
          </reporter-output>
        </test-method> <!-- afterMethod -->
      </class> <!-- com.test.tests.WirelessAPTest -->
    </test> <!-- Pixel_2 -->
  </suite> <!-- Suite -->
</testng-results>
